
{
	gl.supports_vertex_array_object: true
	cocos2d.x.version: Quick-Cocos2dx-Community 3.6
	gl.vendor: Intel Inc.
	gl.supports_PVRTC: false
	gl.renderer: Intel Iris Pro OpenGL Engine
	cocos2d.x.compiled_with_profiler: false
	gl.max_texture_size: 16384
	gl.supports_ETC1: false
	gl.supports_BGRA8888: false
	cocos2d.x.build_type: RELEASE
	gl.supports_discard_framebuffer: false
	gl.supports_NPOT: true
	gl.supports_S3TC: true
	gl.version: 2.1 INTEL-10.6.33
	gl.supports_ATITC: false
	gl.max_texture_units: 16
	cocos2d.x.compiled_with_gl_state_cache: true
}


Quick-Cocos2dx-Community C++ support ready.
------------------------------------------------
LOAD LUA FILE: /Users/MikeRiy/Documents/project/test/src/main.lua
------------------------------------------------
[LUA-print] ===========================================================
[LUA-print]               LOAD QUICK FRAMEWORK
[LUA-print] ===========================================================
[LUA-print] [INFO] 
[LUA-print] [INFO] # DEBUG                        = 1
[LUA-print] [INFO] #
[LUA-print] [INFO] # device.platform              = mac
[LUA-print] [INFO] # device.model                 = unknown
[LUA-print] [INFO] # device.language              = cn
[LUA-print] [INFO] # device.writablePath          = /Users/MikeRiy/Documents/project/test/
[LUA-print] [INFO] # device.directorySeparator    = /
[LUA-print] [INFO] # device.pathSeparator         = :
[LUA-print] [INFO] #
libpng warning: iCCP: known incorrect sRGB profile
[LUA-print] [INFO] # CONFIG_SCREEN_AUTOSCALE      = FIXED_WIDTH
[LUA-print] [INFO] # CONFIG_SCREEN_WIDTH          = 640.00
[LUA-print] [INFO] # CONFIG_SCREEN_HEIGHT         = 1136.00
[LUA-print] [INFO] # display.widthInPixels        = 640.00
[LUA-print] [INFO] # display.heightInPixels       = 1136.00
[LUA-print] [INFO] # display.contentScaleFactor   = 1.00
[LUA-print] [INFO] # display.width                = 640.00
[LUA-print] [INFO] # display.height               = 1136.00
[LUA-print] [INFO] # display.cx                   = 320.00
[LUA-print] [INFO] # display.cy                   = 568.00
[LUA-print] [INFO] # display.left                 = 0.00
[LUA-print] [INFO] # display.right                = 640.00
[LUA-print] [INFO] # display.top                  = 1136.00
[LUA-print] [INFO] # display.bottom               = 0.00
[LUA-print] [INFO] # display.c_left               = -320.00
[LUA-print] [INFO] # display.c_right              = 320.00
[LUA-print] [INFO] # display.c_top                = 568.00
[LUA-print] [INFO] # display.c_bottom             = -568.00
[LUA-print] [INFO] #
[LUA-print] # display in updateScene start
[LUA-print] # us.CONFIG_SCREEN_AUTOSCALE      = FIXED_WIDTH
[LUA-print] # us.CONFIG_SCREEN_WIDTH          = 640.00
[LUA-print] # us.CONFIG_SCREEN_HEIGHT         = 1136.00
[LUA-print] # us.display.widthInPixels        = 640.00
[LUA-print] # us.display.heightInPixels       = 1136.00
[LUA-print] # us.display.contentScaleFactor   = 1.00
[LUA-print] # us.display.width                = 640.00
[LUA-print] # us.display.height               = 1136.00
[LUA-print] # us.display.cx                   = 320.00
[LUA-print] # us.display.cy                   = 568.00
[LUA-print] # us.display.left                 = 0.00
[LUA-print] # us.display.right                = 640.00
[LUA-print] # us.display.top                  = 1136.00
[LUA-print] # us.display.bottom               = 0.00
[LUA-print] # us.display.c_left               = -320.00
[LUA-print] # us.display.c_right              = 320.00
[LUA-print] # us.display.c_top                = 568.00
[LUA-print] # us.display.c_bottom             = -568.00
[LUA-print] # display in updateScene done
[LUA-print] event msg = 	login	2018-11:20:41
